Determining if the pthread_create exist failed with the following output:
Change Dir: /home/cs104/Desktop/grading_testing/grading-tools/hw1_sol/hw1_tests/CMakeFiles/CMakeTmp

Run Build Command:"/usr/bin/make" "cmTC_4e2f1/fast"
/usr/bin/make -f CMakeFiles/cmTC_4e2f1.dir/build.make CMakeFiles/cmTC_4e2f1.dir/build
make[1]: Entering directory '/home/cs104/Desktop/grading_testing/grading-tools/hw1_sol/hw1_tests/CMakeFiles/CMakeTmp'
Building C object CMakeFiles/cmTC_4e2f1.dir/CheckSymbolExists.c.o
/usr/bin/cc     -o CMakeFiles/cmTC_4e2f1.dir/CheckSymbolExists.c.o   -c /home/cs104/Desktop/grading_testing/grading-tools/hw1_sol/hw1_tests/CMakeFiles/CMakeTmp/CheckSymbolExists.c
Linking C executable cmTC_4e2f1
/usr/bin/cmake -E cmake_link_script CMakeFiles/cmTC_4e2f1.dir/link.txt --verbose=1
/usr/bin/cc       CMakeFiles/cmTC_4e2f1.dir/CheckSymbolExists.c.o  -o cmTC_4e2f1 
CMakeFiles/cmTC_4e2f1.dir/CheckSymbolExists.c.o: In function `main':
CheckSymbolExists.c:(.text+0x16): undefined reference to `pthread_create'
collect2: error: ld returned 1 exit status
CMakeFiles/cmTC_4e2f1.dir/build.make:97: recipe for target 'cmTC_4e2f1' failed
make[1]: *** [cmTC_4e2f1] Error 1
make[1]: Leaving directory '/home/cs104/Desktop/grading_testing/grading-tools/hw1_sol/hw1_tests/CMakeFiles/CMakeTmp'
Makefile:126: recipe for target 'cmTC_4e2f1/fast' failed
make: *** [cmTC_4e2f1/fast] Error 2

File /home/cs104/Desktop/grading_testing/grading-tools/hw1_sol/hw1_tests/CMakeFiles/CMakeTmp/CheckSymbolExists.c:
/* */
#include <pthread.h>

int main(int argc, char** argv)
{
  (void)argv;
#ifndef pthread_create
  return ((int*)(&pthread_create))[argc];
#else
  (void)argc;
  return 0;
#endif
}

Determining if the function pthread_create exists in the pthreads failed with the following output:
Change Dir: /home/cs104/Desktop/grading_testing/grading-tools/hw1_sol/hw1_tests/CMakeFiles/CMakeTmp

Run Build Command:"/usr/bin/make" "cmTC_d98d9/fast"
/usr/bin/make -f CMakeFiles/cmTC_d98d9.dir/build.make CMakeFiles/cmTC_d98d9.dir/build
make[1]: Entering directory '/home/cs104/Desktop/grading_testing/grading-tools/hw1_sol/hw1_tests/CMakeFiles/CMakeTmp'
Building C object CMakeFiles/cmTC_d98d9.dir/CheckFunctionExists.c.o
/usr/bin/cc    -DCHECK_FUNCTION_EXISTS=pthread_create   -o CMakeFiles/cmTC_d98d9.dir/CheckFunctionExists.c.o   -c /usr/share/cmake-3.5/Modules/CheckFunctionExists.c
Linking C executable cmTC_d98d9
/usr/bin/cmake -E cmake_link_script CMakeFiles/cmTC_d98d9.dir/link.txt --verbose=1
/usr/bin/cc   -DCHECK_FUNCTION_EXISTS=pthread_create    CMakeFiles/cmTC_d98d9.dir/CheckFunctionExists.c.o  -o cmTC_d98d9 -lpthreads 
/usr/bin/ld: cannot find -lpthreads
collect2: error: ld returned 1 exit status
CMakeFiles/cmTC_d98d9.dir/build.make:97: recipe for target 'cmTC_d98d9' failed
make[1]: *** [cmTC_d98d9] Error 1
make[1]: Leaving directory '/home/cs104/Desktop/grading_testing/grading-tools/hw1_sol/hw1_tests/CMakeFiles/CMakeTmp'
Makefile:126: recipe for target 'cmTC_d98d9/fast' failed
make: *** [cmTC_d98d9/fast] Error 2


Checking whether C++ compiler has '__int64' failed to compile with the following output:
Change Dir: /home/cs104/Desktop/grading_testing/grading-tools/hw1_sol/hw1_tests/testing_utils/kwsys/CMakeFiles/CMakeTmp

Run Build Command:"/usr/bin/make" "cmTC_becf8/fast"
/usr/bin/make -f CMakeFiles/cmTC_becf8.dir/build.make CMakeFiles/cmTC_becf8.dir/build
make[1]: Entering directory '/home/cs104/Desktop/grading_testing/grading-tools/hw1_sol/hw1_tests/testing_utils/kwsys/CMakeFiles/CMakeTmp'
Building CXX object CMakeFiles/cmTC_becf8.dir/kwsysPlatformTestsCXX.cxx.o
/usr/bin/c++   -DTEST_KWSYS_CXX_HAS___INT64  -Wall    -o CMakeFiles/cmTC_becf8.dir/kwsysPlatformTestsCXX.cxx.o -c /home/cs104/Desktop/grading_testing/grading-tools/hw1_sol/hw1_tests/testing_utils/kwsys/kwsysPlatformTestsCXX.cxx
/home/cs104/Desktop/grading_testing/grading-tools/hw1_sol/hw1_tests/testing_utils/kwsys/kwsysPlatformTestsCXX.cxx:24:1: error: ‘__int64’ does not name a type
 __int64 f(__int64 n)
 ^
/home/cs104/Desktop/grading_testing/grading-tools/hw1_sol/hw1_tests/testing_utils/kwsys/kwsysPlatformTestsCXX.cxx: In function ‘int main()’:
/home/cs104/Desktop/grading_testing/grading-tools/hw1_sol/hw1_tests/testing_utils/kwsys/kwsysPlatformTestsCXX.cxx:30:3: error: ‘__int64’ was not declared in this scope
   __int64 n = 0;
   ^
/home/cs104/Desktop/grading_testing/grading-tools/hw1_sol/hw1_tests/testing_utils/kwsys/kwsysPlatformTestsCXX.cxx:31:29: error: ‘n’ was not declared in this scope
   return static_cast<int>(f(n));
                             ^
/home/cs104/Desktop/grading_testing/grading-tools/hw1_sol/hw1_tests/testing_utils/kwsys/kwsysPlatformTestsCXX.cxx:31:30: error: ‘f’ was not declared in this scope
   return static_cast<int>(f(n));
                              ^
CMakeFiles/cmTC_becf8.dir/build.make:65: recipe for target 'CMakeFiles/cmTC_becf8.dir/kwsysPlatformTestsCXX.cxx.o' failed
make[1]: *** [CMakeFiles/cmTC_becf8.dir/kwsysPlatformTestsCXX.cxx.o] Error 1
make[1]: Leaving directory '/home/cs104/Desktop/grading_testing/grading-tools/hw1_sol/hw1_tests/testing_utils/kwsys/CMakeFiles/CMakeTmp'
Makefile:126: recipe for target 'cmTC_becf8/fast' failed
make: *** [cmTC_becf8/fast] Error 2


Checking whether CXX compiler has environ in stdlib.h failed to compile with the following output:
Change Dir: /home/cs104/Desktop/grading_testing/grading-tools/hw1_sol/hw1_tests/testing_utils/kwsys/CMakeFiles/CMakeTmp

Run Build Command:"/usr/bin/make" "cmTC_0018c/fast"
/usr/bin/make -f CMakeFiles/cmTC_0018c.dir/build.make CMakeFiles/cmTC_0018c.dir/build
make[1]: Entering directory '/home/cs104/Desktop/grading_testing/grading-tools/hw1_sol/hw1_tests/testing_utils/kwsys/CMakeFiles/CMakeTmp'
Building CXX object CMakeFiles/cmTC_0018c.dir/kwsysPlatformTestsCXX.cxx.o
/usr/bin/c++   -DTEST_KWSYS_CXX_HAS_ENVIRON_IN_STDLIB_H  -Wall    -o CMakeFiles/cmTC_0018c.dir/kwsysPlatformTestsCXX.cxx.o -c /home/cs104/Desktop/grading_testing/grading-tools/hw1_sol/hw1_tests/testing_utils/kwsys/kwsysPlatformTestsCXX.cxx
/home/cs104/Desktop/grading_testing/grading-tools/hw1_sol/hw1_tests/testing_utils/kwsys/kwsysPlatformTestsCXX.cxx: In function ‘int main()’:
/home/cs104/Desktop/grading_testing/grading-tools/hw1_sol/hw1_tests/testing_utils/kwsys/kwsysPlatformTestsCXX.cxx:196:13: error: ‘environ’ was not declared in this scope
   char* e = environ[0];
             ^
CMakeFiles/cmTC_0018c.dir/build.make:65: recipe for target 'CMakeFiles/cmTC_0018c.dir/kwsysPlatformTestsCXX.cxx.o' failed
make[1]: *** [CMakeFiles/cmTC_0018c.dir/kwsysPlatformTestsCXX.cxx.o] Error 1
make[1]: Leaving directory '/home/cs104/Desktop/grading_testing/grading-tools/hw1_sol/hw1_tests/testing_utils/kwsys/CMakeFiles/CMakeTmp'
Makefile:126: recipe for target 'cmTC_0018c/fast' failed
make: *** [cmTC_0018c/fast] Error 2


Checking whether CXX compiler struct stat has st_mtimespec member failed to compile with the following output:
Change Dir: /home/cs104/Desktop/grading_testing/grading-tools/hw1_sol/hw1_tests/testing_utils/kwsys/CMakeFiles/CMakeTmp

Run Build Command:"/usr/bin/make" "cmTC_f9e50/fast"
/usr/bin/make -f CMakeFiles/cmTC_f9e50.dir/build.make CMakeFiles/cmTC_f9e50.dir/build
make[1]: Entering directory '/home/cs104/Desktop/grading_testing/grading-tools/hw1_sol/hw1_tests/testing_utils/kwsys/CMakeFiles/CMakeTmp'
Building CXX object CMakeFiles/cmTC_f9e50.dir/kwsysPlatformTestsCXX.cxx.o
/usr/bin/c++   -DTEST_KWSYS_CXX_STAT_HAS_ST_MTIMESPEC  -Wall    -o CMakeFiles/cmTC_f9e50.dir/kwsysPlatformTestsCXX.cxx.o -c /home/cs104/Desktop/grading_testing/grading-tools/hw1_sol/hw1_tests/testing_utils/kwsys/kwsysPlatformTestsCXX.cxx
/home/cs104/Desktop/grading_testing/grading-tools/hw1_sol/hw1_tests/testing_utils/kwsys/kwsysPlatformTestsCXX.cxx: In function ‘int main()’:
/home/cs104/Desktop/grading_testing/grading-tools/hw1_sol/hw1_tests/testing_utils/kwsys/kwsysPlatformTestsCXX.cxx:57:15: error: ‘struct stat’ has no member named ‘st_mtimespec’
   (void)stat1.st_mtimespec.tv_sec;
               ^
/home/cs104/Desktop/grading_testing/grading-tools/hw1_sol/hw1_tests/testing_utils/kwsys/kwsysPlatformTestsCXX.cxx:58:15: error: ‘struct stat’ has no member named ‘st_mtimespec’
   (void)stat1.st_mtimespec.tv_nsec;
               ^
CMakeFiles/cmTC_f9e50.dir/build.make:65: recipe for target 'CMakeFiles/cmTC_f9e50.dir/kwsysPlatformTestsCXX.cxx.o' failed
make[1]: *** [CMakeFiles/cmTC_f9e50.dir/kwsysPlatformTestsCXX.cxx.o] Error 1
make[1]: Leaving directory '/home/cs104/Desktop/grading_testing/grading-tools/hw1_sol/hw1_tests/testing_utils/kwsys/CMakeFiles/CMakeTmp'
Makefile:126: recipe for target 'cmTC_f9e50/fast' failed
make: *** [cmTC_f9e50/fast] Error 2


Determining if the pthread_create exist failed with the following output:
Change Dir: /home/cs104/CS_104/hw-xiaoyanq/hw1/hw1_tests/CMakeFiles/CMakeTmp

Run Build Command:"/usr/bin/make" "cmTC_89e37/fast"
/usr/bin/make -f CMakeFiles/cmTC_89e37.dir/build.make CMakeFiles/cmTC_89e37.dir/build
make[1]: Entering directory '/home/cs104/CS_104/hw-xiaoyanq/hw1/hw1_tests/CMakeFiles/CMakeTmp'
Building C object CMakeFiles/cmTC_89e37.dir/CheckSymbolExists.c.o
/usr/bin/cc     -o CMakeFiles/cmTC_89e37.dir/CheckSymbolExists.c.o   -c /home/cs104/CS_104/hw-xiaoyanq/hw1/hw1_tests/CMakeFiles/CMakeTmp/CheckSymbolExists.c
Linking C executable cmTC_89e37
/usr/bin/cmake -E cmake_link_script CMakeFiles/cmTC_89e37.dir/link.txt --verbose=1
/usr/bin/cc       CMakeFiles/cmTC_89e37.dir/CheckSymbolExists.c.o  -o cmTC_89e37 
CMakeFiles/cmTC_89e37.dir/CheckSymbolExists.c.o: In function `main':
CheckSymbolExists.c:(.text+0x16): undefined reference to `pthread_create'
collect2: error: ld returned 1 exit status
CMakeFiles/cmTC_89e37.dir/build.make:97: recipe for target 'cmTC_89e37' failed
make[1]: *** [cmTC_89e37] Error 1
make[1]: Leaving directory '/home/cs104/CS_104/hw-xiaoyanq/hw1/hw1_tests/CMakeFiles/CMakeTmp'
Makefile:126: recipe for target 'cmTC_89e37/fast' failed
make: *** [cmTC_89e37/fast] Error 2

File /home/cs104/CS_104/hw-xiaoyanq/hw1/hw1_tests/CMakeFiles/CMakeTmp/CheckSymbolExists.c:
/* */
#include <pthread.h>

int main(int argc, char** argv)
{
  (void)argv;
#ifndef pthread_create
  return ((int*)(&pthread_create))[argc];
#else
  (void)argc;
  return 0;
#endif
}

Determining if the function pthread_create exists in the pthreads failed with the following output:
Change Dir: /home/cs104/CS_104/hw-xiaoyanq/hw1/hw1_tests/CMakeFiles/CMakeTmp

Run Build Command:"/usr/bin/make" "cmTC_b8f8c/fast"
/usr/bin/make -f CMakeFiles/cmTC_b8f8c.dir/build.make CMakeFiles/cmTC_b8f8c.dir/build
make[1]: Entering directory '/home/cs104/CS_104/hw-xiaoyanq/hw1/hw1_tests/CMakeFiles/CMakeTmp'
Building C object CMakeFiles/cmTC_b8f8c.dir/CheckFunctionExists.c.o
/usr/bin/cc    -DCHECK_FUNCTION_EXISTS=pthread_create   -o CMakeFiles/cmTC_b8f8c.dir/CheckFunctionExists.c.o   -c /usr/share/cmake-3.5/Modules/CheckFunctionExists.c
Linking C executable cmTC_b8f8c
/usr/bin/cmake -E cmake_link_script CMakeFiles/cmTC_b8f8c.dir/link.txt --verbose=1
/usr/bin/cc   -DCHECK_FUNCTION_EXISTS=pthread_create    CMakeFiles/cmTC_b8f8c.dir/CheckFunctionExists.c.o  -o cmTC_b8f8c -lpthreads 
/usr/bin/ld: cannot find -lpthreads
collect2: error: ld returned 1 exit status
CMakeFiles/cmTC_b8f8c.dir/build.make:97: recipe for target 'cmTC_b8f8c' failed
make[1]: *** [cmTC_b8f8c] Error 1
make[1]: Leaving directory '/home/cs104/CS_104/hw-xiaoyanq/hw1/hw1_tests/CMakeFiles/CMakeTmp'
Makefile:126: recipe for target 'cmTC_b8f8c/fast' failed
make: *** [cmTC_b8f8c/fast] Error 2


Checking whether C++ compiler has '__int64' failed to compile with the following output:
Change Dir: /home/cs104/CS_104/hw-xiaoyanq/hw1/hw1_tests/testing_utils/kwsys/CMakeFiles/CMakeTmp

Run Build Command:"/usr/bin/make" "cmTC_0e6e1/fast"
/usr/bin/make -f CMakeFiles/cmTC_0e6e1.dir/build.make CMakeFiles/cmTC_0e6e1.dir/build
make[1]: Entering directory '/home/cs104/CS_104/hw-xiaoyanq/hw1/hw1_tests/testing_utils/kwsys/CMakeFiles/CMakeTmp'
Building CXX object CMakeFiles/cmTC_0e6e1.dir/kwsysPlatformTestsCXX.cxx.o
/usr/bin/c++   -DTEST_KWSYS_CXX_HAS___INT64  -Wall    -o CMakeFiles/cmTC_0e6e1.dir/kwsysPlatformTestsCXX.cxx.o -c /home/cs104/CS_104/hw-xiaoyanq/hw1/hw1_tests/testing_utils/kwsys/kwsysPlatformTestsCXX.cxx
/home/cs104/CS_104/hw-xiaoyanq/hw1/hw1_tests/testing_utils/kwsys/kwsysPlatformTestsCXX.cxx:24:1: error: ‘__int64’ does not name a type
 __int64 f(__int64 n)
 ^
/home/cs104/CS_104/hw-xiaoyanq/hw1/hw1_tests/testing_utils/kwsys/kwsysPlatformTestsCXX.cxx: In function ‘int main()’:
/home/cs104/CS_104/hw-xiaoyanq/hw1/hw1_tests/testing_utils/kwsys/kwsysPlatformTestsCXX.cxx:30:3: error: ‘__int64’ was not declared in this scope
   __int64 n = 0;
   ^
/home/cs104/CS_104/hw-xiaoyanq/hw1/hw1_tests/testing_utils/kwsys/kwsysPlatformTestsCXX.cxx:31:29: error: ‘n’ was not declared in this scope
   return static_cast<int>(f(n));
                             ^
/home/cs104/CS_104/hw-xiaoyanq/hw1/hw1_tests/testing_utils/kwsys/kwsysPlatformTestsCXX.cxx:31:30: error: ‘f’ was not declared in this scope
   return static_cast<int>(f(n));
                              ^
CMakeFiles/cmTC_0e6e1.dir/build.make:65: recipe for target 'CMakeFiles/cmTC_0e6e1.dir/kwsysPlatformTestsCXX.cxx.o' failed
make[1]: *** [CMakeFiles/cmTC_0e6e1.dir/kwsysPlatformTestsCXX.cxx.o] Error 1
make[1]: Leaving directory '/home/cs104/CS_104/hw-xiaoyanq/hw1/hw1_tests/testing_utils/kwsys/CMakeFiles/CMakeTmp'
Makefile:126: recipe for target 'cmTC_0e6e1/fast' failed
make: *** [cmTC_0e6e1/fast] Error 2


Checking whether CXX compiler has environ in stdlib.h failed to compile with the following output:
Change Dir: /home/cs104/CS_104/hw-xiaoyanq/hw1/hw1_tests/testing_utils/kwsys/CMakeFiles/CMakeTmp

Run Build Command:"/usr/bin/make" "cmTC_f14c4/fast"
/usr/bin/make -f CMakeFiles/cmTC_f14c4.dir/build.make CMakeFiles/cmTC_f14c4.dir/build
make[1]: Entering directory '/home/cs104/CS_104/hw-xiaoyanq/hw1/hw1_tests/testing_utils/kwsys/CMakeFiles/CMakeTmp'
Building CXX object CMakeFiles/cmTC_f14c4.dir/kwsysPlatformTestsCXX.cxx.o
/usr/bin/c++   -DTEST_KWSYS_CXX_HAS_ENVIRON_IN_STDLIB_H  -Wall    -o CMakeFiles/cmTC_f14c4.dir/kwsysPlatformTestsCXX.cxx.o -c /home/cs104/CS_104/hw-xiaoyanq/hw1/hw1_tests/testing_utils/kwsys/kwsysPlatformTestsCXX.cxx
/home/cs104/CS_104/hw-xiaoyanq/hw1/hw1_tests/testing_utils/kwsys/kwsysPlatformTestsCXX.cxx: In function ‘int main()’:
/home/cs104/CS_104/hw-xiaoyanq/hw1/hw1_tests/testing_utils/kwsys/kwsysPlatformTestsCXX.cxx:196:13: error: ‘environ’ was not declared in this scope
   char* e = environ[0];
             ^
CMakeFiles/cmTC_f14c4.dir/build.make:65: recipe for target 'CMakeFiles/cmTC_f14c4.dir/kwsysPlatformTestsCXX.cxx.o' failed
make[1]: *** [CMakeFiles/cmTC_f14c4.dir/kwsysPlatformTestsCXX.cxx.o] Error 1
make[1]: Leaving directory '/home/cs104/CS_104/hw-xiaoyanq/hw1/hw1_tests/testing_utils/kwsys/CMakeFiles/CMakeTmp'
Makefile:126: recipe for target 'cmTC_f14c4/fast' failed
make: *** [cmTC_f14c4/fast] Error 2


Checking whether CXX compiler struct stat has st_mtimespec member failed to compile with the following output:
Change Dir: /home/cs104/CS_104/hw-xiaoyanq/hw1/hw1_tests/testing_utils/kwsys/CMakeFiles/CMakeTmp

Run Build Command:"/usr/bin/make" "cmTC_03618/fast"
/usr/bin/make -f CMakeFiles/cmTC_03618.dir/build.make CMakeFiles/cmTC_03618.dir/build
make[1]: Entering directory '/home/cs104/CS_104/hw-xiaoyanq/hw1/hw1_tests/testing_utils/kwsys/CMakeFiles/CMakeTmp'
Building CXX object CMakeFiles/cmTC_03618.dir/kwsysPlatformTestsCXX.cxx.o
/usr/bin/c++   -DTEST_KWSYS_CXX_STAT_HAS_ST_MTIMESPEC  -Wall    -o CMakeFiles/cmTC_03618.dir/kwsysPlatformTestsCXX.cxx.o -c /home/cs104/CS_104/hw-xiaoyanq/hw1/hw1_tests/testing_utils/kwsys/kwsysPlatformTestsCXX.cxx
/home/cs104/CS_104/hw-xiaoyanq/hw1/hw1_tests/testing_utils/kwsys/kwsysPlatformTestsCXX.cxx: In function ‘int main()’:
/home/cs104/CS_104/hw-xiaoyanq/hw1/hw1_tests/testing_utils/kwsys/kwsysPlatformTestsCXX.cxx:57:15: error: ‘struct stat’ has no member named ‘st_mtimespec’
   (void)stat1.st_mtimespec.tv_sec;
               ^
/home/cs104/CS_104/hw-xiaoyanq/hw1/hw1_tests/testing_utils/kwsys/kwsysPlatformTestsCXX.cxx:58:15: error: ‘struct stat’ has no member named ‘st_mtimespec’
   (void)stat1.st_mtimespec.tv_nsec;
               ^
CMakeFiles/cmTC_03618.dir/build.make:65: recipe for target 'CMakeFiles/cmTC_03618.dir/kwsysPlatformTestsCXX.cxx.o' failed
make[1]: *** [CMakeFiles/cmTC_03618.dir/kwsysPlatformTestsCXX.cxx.o] Error 1
make[1]: Leaving directory '/home/cs104/CS_104/hw-xiaoyanq/hw1/hw1_tests/testing_utils/kwsys/CMakeFiles/CMakeTmp'
Makefile:126: recipe for target 'cmTC_03618/fast' failed
make: *** [cmTC_03618/fast] Error 2


